<?xml version="1.0" encoding="UTF-8"?>
<!-- Generated by org.testng.reporters.JUnitReportReporter -->
<testsuite skipped="2" hostname="SamJoseph-PC" name="com.qa.testcases.ExpoPlanetDocPageTest" tests="3" failures="0" timestamp="21 Feb 2020 04:09:54 GMT" time="42.868" errors="0">
  <testcase name="hotStarPlanetNameTest" time="42.868" classname="com.qa.testcases.ExpoPlanetDocPageTest"/>
  <testcase name="timeLineReportPlanetBySizeTest" classname="com.qa.testcases.ExpoPlanetDocPageTest">
    <skipped/>
  </testcase> <!-- timeLineReportPlanetBySizeTest -->
  <testcase name="orphanPlanetTest" classname="com.qa.testcases.ExpoPlanetDocPageTest">
    <skipped/>
  </testcase> <!-- orphanPlanetTest -->
</testsuite> <!-- com.qa.testcases.ExpoPlanetDocPageTest -->
