<?xml version="1.0" encoding="UTF-8"?>
<!-- Generated by org.testng.reporters.JUnitReportReporter -->
<testsuite skipped="2" hostname="SamJoseph-PC" name="com.qa.testcases.ExpoPlanetJsonPageTest" tests="3" failures="0" timestamp="21 Feb 2020 02:00:36 GMT" time="33.956" errors="0">
  <testcase name="timeLineReportPlanetBySizeTest" time="33.956" classname="com.qa.testcases.ExpoPlanetJsonPageTest"/>
  <testcase name="orphanPlanetTest" classname="com.qa.testcases.ExpoPlanetJsonPageTest">
    <skipped/>
  </testcase> <!-- orphanPlanetTest -->
  <testcase name="hotStarPlanetNameTest" classname="com.qa.testcases.ExpoPlanetJsonPageTest">
    <skipped/>
  </testcase> <!-- hotStarPlanetNameTest -->
</testsuite> <!-- com.qa.testcases.ExpoPlanetJsonPageTest -->
